Configuring authenticate-oauth-1.5.1.1...
Building authenticate-oauth-1.5.1.1...
Preprocessing library authenticate-oauth-1.5.1.1...
[1 of 2] Compiling Web.Authenticate.OAuth ( Web\Authenticate\OAuth.hs, .stack-work\dist\2672c1f3\build\Web\Authenticate\OAuth.o )

Web\Authenticate\OAuth.hs:44:1: Warning:
    The import of `PublicKey'
    from module `Crypto.Types.PubKey.RSA' is redundant
[2 of 2] Compiling Web.Authenticate.OAuth.IO ( Web\Authenticate\OAuth\IO.hs, .stack-work\dist\2672c1f3\build\Web\Authenticate\OAuth\IO.o )

Web\Authenticate\OAuth\IO.hs:35:35: Warning:
    In the use of `withManager'
    (imported from Network.HTTP.Client, but defined in http-client-0.4.27:Network.HTTP.Client.Manager):
    Deprecated: "Use newManager instead"

Web\Authenticate\OAuth\IO.hs:43:12: Warning:
    In the use of `withManager'
    (imported from Network.HTTP.Client, but defined in http-client-0.4.27:Network.HTTP.Client.Manager):
    Deprecated: "Use newManager instead"

Web\Authenticate\OAuth\IO.hs:51:45: Warning:
    In the use of `withManager'
    (imported from Network.HTTP.Client, but defined in http-client-0.4.27:Network.HTTP.Client.Manager):
    Deprecated: "Use newManager instead"

Web\Authenticate\OAuth\IO.hs:57:44: Warning:
    In the use of `withManager'
    (imported from Network.HTTP.Client, but defined in http-client-0.4.27:Network.HTTP.Client.Manager):
    Deprecated: "Use newManager instead"

Web\Authenticate\OAuth\IO.hs:66:33: Warning:
    In the use of `withManager'
    (imported from Network.HTTP.Client, but defined in http-client-0.4.27:Network.HTTP.Client.Manager):
    Deprecated: "Use newManager instead"

Web\Authenticate\OAuth\IO.hs:75:40: Warning:
    In the use of `withManager'
    (imported from Network.HTTP.Client, but defined in http-client-0.4.27:Network.HTTP.Client.Manager):
    Deprecated: "Use newManager instead"

Web\Authenticate\OAuth\IO.hs:82:39: Warning:
    In the use of `withManager'
    (imported from Network.HTTP.Client, but defined in http-client-0.4.27:Network.HTTP.Client.Manager):
    Deprecated: "Use newManager instead"
In-place registering authenticate-oauth-1.5.1.1...
Installing library in
C:\Users\rolan\AppData\Roaming\stack\snapshots\b4296698\lib\x86_64-windows-ghc-7.10.3\authenticate-oauth-1.5.1.1-HJ9kNLlXkrF9fwmiBpMtlU
Registering authenticate-oauth-1.5.1.1...
